<?xml version="1.0" encoding="UTF-8"?>
<!-- Generated by org.testng.reporters.JUnitReportReporter -->
<testsuite hostname="LAPTOP-FKS8PH8H" failures="0" tests="2" name="com.NhanceNow.BotTestCases.FlowBuilderPageTest" time="35.534" errors="0" timestamp="2022-08-04T15:34:18 IST" skipped="0">
  <testcase classname="com.NhanceNow.BotTestCases.FlowBuilderPageTest" name="VerifyFlowBuilderBtn" time="14.253"/>
  <system-out/>
  <testcase classname="com.NhanceNow.BotTestCases.FlowBuilderPageTest" name="VerifySearchByName" time="21.281"/>
  <system-out/>
</testsuite> <!-- com.NhanceNow.BotTestCases.FlowBuilderPageTest -->
