<?xml version="1.0" encoding="UTF-8"?>
<!-- Generated by org.testng.reporters.JUnitReportReporter -->
<testsuite hostname="LAPTOP-FKS8PH8H" failures="0" tests="1" name="com.NhanceNow.testcases.HomePageTest" time="19.154" errors="0" timestamp="2022-06-30T11:36:31 IST" skipped="0">
  <testcase classname="com.NhanceNow.testcases.HomePageTest" name="clickonSettings" time="19.154"/>
  <system-out/>
</testsuite> <!-- com.NhanceNow.testcases.HomePageTest -->
