<?xml version="1.0" encoding="UTF-8"?>
<!-- Generated by org.testng.reporters.JUnitReportReporter -->
<testsuite hostname="LAPTOP-FKS8PH8H" failures="0" tests="1" name="com.NhanceNow.BotTestCases.FlowBuilderPageTest" time="32.902" errors="0" timestamp="2022-08-08T18:44:08 IST" skipped="0">
  <testcase classname="com.NhanceNow.BotTestCases.FlowBuilderPageTest" name="VerifySearchByName" time="32.902"/>
  <system-out/>
</testsuite> <!-- com.NhanceNow.BotTestCases.FlowBuilderPageTest -->
