<?xml version="1.0" encoding="UTF-8"?>
<!-- Generated by org.testng.reporters.JUnitReportReporter -->
<testsuite hostname="LAPTOP-FKS8PH8H" failures="0" tests="1" name="com.NhanceNow.SettingsTestCases.EditProfilePageTest" time="31.430" errors="0" timestamp="2022-08-01T14:25:49 IST" skipped="0">
  <testcase classname="com.NhanceNow.SettingsTestCases.EditProfilePageTest" name="ValidateErrorMsgForInvalidOtpForChangeEmail" time="31.430"/>
  <system-out/>
</testsuite> <!-- com.NhanceNow.SettingsTestCases.EditProfilePageTest -->
