<?xml version="1.0" encoding="UTF-8"?>
<!-- Generated by org.testng.reporters.JUnitReportReporter -->
<testsuite hostname="LAPTOP-FKS8PH8H" failures="0" tests="4" name="com.NhanceNow.testcases.LoginTest" time="34.224" errors="0" timestamp="2022-05-19T10:45:25 IST" skipped="0">
  <testcase classname="com.NhanceNow.testcases.LoginTest" name="verifyerrormsg" time="7.002"/>
  <system-out/>
  <testcase classname="com.NhanceNow.testcases.LoginTest" name="logoisdisplayed" time="5.785"/>
  <system-out/>
  <testcase classname="com.NhanceNow.testcases.LoginTest" name="forgotpassword" time="6.946"/>
  <system-out/>
  <testcase classname="com.NhanceNow.testcases.LoginTest" name="logintest" time="14.491"/>
  <system-out/>
</testsuite> <!-- com.NhanceNow.testcases.LoginTest -->
