<?xml version="1.0" encoding="UTF-8"?>
<!-- Generated by org.testng.reporters.JUnitReportReporter -->
<testsuite hostname="LAPTOP-FKS8PH8H" failures="0" tests="1" name="com.NhanceNow.testcases.EditProfilePageTest" time="42.641" errors="0" timestamp="2022-08-01T10:42:53 IST" skipped="0">
  <testcase classname="com.NhanceNow.testcases.EditProfilePageTest" name="ValidateErrorMsgForInvalidOtpForChangeEmail" time="42.641"/>
  <system-out/>
</testsuite> <!-- com.NhanceNow.testcases.EditProfilePageTest -->
